2021-08-27T15:51:45+00:00 CRITICAL Cannot redeclare change_logo_class() (previously declared in /var/www/html/htmlsite/wp-content/themes/html/functions.php:23) in /var/www/html/htmlsite/wp-content/themes/html/functions.php on line 57

2021-08-27T15:55:47+00:00 CRITICAL syntax error, unexpected ''flex-height'' (T_CONSTANT_ENCAPSED_STRING), expecting ')' in /var/www/html/htmlsite/wp-content/themes/html/functions.php on line 12

2021-08-27T16:08:21+00:00 CRITICAL Uncaught Error: Call to undefined function get_site_logo() in /var/www/html/htmlsite/wp-content/themes/html/header.php:67
Stack trace:
#0 /var/www/html/htmlsite/wp-includes/template.php(770): require_once()
#1 /var/www/html/htmlsite/wp-includes/template.php(716): load_template('/var/www/html/h...', true, Array)
#2 /var/www/html/htmlsite/wp-includes/general-template.php(48): locate_template(Array, true, true, Array)
#3 /var/www/html/htmlsite/wp-content/themes/html/woocommerce.php(1): get_header()
#4 /var/www/html/htmlsite/wp-includes/template-loader.php(106): include('/var/www/html/h...')
#5 /var/www/html/htmlsite/wp-blog-header.php(19): require_once('/var/www/html/h...')
#6 /var/www/html/htmlsite/index.php(17): require('/var/www/html/h...')
#7 {main}
  thrown in /var/www/html/htmlsite/wp-content/themes/html/header.php on line 67

2021-08-27T16:36:30+00:00 CRITICAL syntax error, unexpected ':', expecting ']' in /var/www/html/htmlsite/wp-content/themes/html/functions.php on line 43

2021-08-27T16:37:40+00:00 CRITICAL syntax error, unexpected '$html' (T_VARIABLE) in /var/www/html/htmlsite/wp-content/themes/html/functions.php on line 49

2021-08-27T16:37:42+00:00 CRITICAL syntax error, unexpected '$html' (T_VARIABLE) in /var/www/html/htmlsite/wp-content/themes/html/functions.php on line 49

2021-08-27T16:37:55+00:00 CRITICAL syntax error, unexpected '$html' (T_VARIABLE) in /var/www/html/htmlsite/wp-content/themes/html/functions.php on line 48

2021-08-27T16:39:55+00:00 CRITICAL syntax error, unexpected '$html' (T_VARIABLE) in /var/www/html/htmlsite/wp-content/themes/html/functions.php on line 46

2021-08-27T16:41:55+00:00 CRITICAL syntax error, unexpected 'function' (T_FUNCTION) in /var/www/html/htmlsite/wp-content/themes/html/functions.php on line 43

2021-08-27T19:40:22+00:00 CRITICAL Uncaught ArgumentCountError: Too few arguments to function remove_action(), 1 passed in /var/www/html/htmlsite/wp-content/themes/html/functions.php on line 98 and at least 2 expected in /var/www/html/htmlsite/wp-includes/plugin.php:561
Stack trace:
#0 /var/www/html/htmlsite/wp-content/themes/html/functions.php(98): remove_action('woocommerce_bef...')
#1 /var/www/html/htmlsite/wp-settings.php(546): include('/var/www/html/h...')
#2 /var/www/html/htmlsite/wp-config.php(98): require_once('/var/www/html/h...')
#3 /var/www/html/htmlsite/wp-load.php(50): require_once('/var/www/html/h...')
#4 /var/www/html/htmlsite/wp-blog-header.php(13): require_once('/var/www/html/h...')
#5 /var/www/html/htmlsite/index.php(17): require('/var/www/html/h...')
#6 {main}
  thrown in /var/www/html/htmlsite/wp-includes/plugin.php on line 561

2021-08-27T19:41:15+00:00 CRITICAL Uncaught ArgumentCountError: Too few arguments to function remove_action(), 1 passed in /var/www/html/htmlsite/wp-content/themes/html/functions.php on line 98 and at least 2 expected in /var/www/html/htmlsite/wp-includes/plugin.php:561
Stack trace:
#0 /var/www/html/htmlsite/wp-content/themes/html/functions.php(98): remove_action('woocommerce_bef...')
#1 /var/www/html/htmlsite/wp-settings.php(546): include('/var/www/html/h...')
#2 /var/www/html/htmlsite/wp-config.php(98): require_once('/var/www/html/h...')
#3 /var/www/html/htmlsite/wp-load.php(50): require_once('/var/www/html/h...')
#4 /var/www/html/htmlsite/wp-blog-header.php(13): require_once('/var/www/html/h...')
#5 /var/www/html/htmlsite/index.php(17): require('/var/www/html/h...')
#6 {main}
  thrown in /var/www/html/htmlsite/wp-includes/plugin.php on line 561

