2021-08-26T23:07:57+00:00 CRITICAL Uncaught Error: Call to undefined function reomove_action() in /var/www/html/htmlsite/wp-content/themes/html/functions.php:65
Stack trace:
#0 /var/www/html/htmlsite/wp-settings.php(546): include()
#1 /var/www/html/htmlsite/wp-config.php(98): require_once('/var/www/html/h...')
#2 /var/www/html/htmlsite/wp-load.php(50): require_once('/var/www/html/h...')
#3 /var/www/html/htmlsite/wp-blog-header.php(13): require_once('/var/www/html/h...')
#4 /var/www/html/htmlsite/index.php(17): require('/var/www/html/h...')
#5 {main}
  thrown in /var/www/html/htmlsite/wp-content/themes/html/functions.php on line 65

2021-08-26T23:08:12+00:00 CRITICAL Uncaught Error: Call to undefined function reomove_action() in /var/www/html/htmlsite/wp-content/themes/html/functions.php:65
Stack trace:
#0 /var/www/html/htmlsite/wp-settings.php(546): include()
#1 /var/www/html/htmlsite/wp-config.php(98): require_once('/var/www/html/h...')
#2 /var/www/html/htmlsite/wp-load.php(50): require_once('/var/www/html/h...')
#3 /var/www/html/htmlsite/wp-blog-header.php(13): require_once('/var/www/html/h...')
#4 /var/www/html/htmlsite/index.php(17): require('/var/www/html/h...')
#5 {main}
  thrown in /var/www/html/htmlsite/wp-content/themes/html/functions.php on line 65

2021-08-26T23:08:20+00:00 CRITICAL Uncaught Error: Call to undefined function reomove_action() in /var/www/html/htmlsite/wp-content/themes/html/functions.php:65
Stack trace:
#0 /var/www/html/htmlsite/wp-settings.php(546): include()
#1 /var/www/html/htmlsite/wp-config.php(98): require_once('/var/www/html/h...')
#2 /var/www/html/htmlsite/wp-load.php(50): require_once('/var/www/html/h...')
#3 /var/www/html/htmlsite/wp-admin/admin-ajax.php(22): require_once('/var/www/html/h...')
#4 {main}
  thrown in /var/www/html/htmlsite/wp-content/themes/html/functions.php on line 65

2021-08-26T23:08:49+00:00 CRITICAL Uncaught Error: Call to undefined function reomove_action() in /var/www/html/htmlsite/wp-content/themes/html/functions.php:65
Stack trace:
#0 /var/www/html/htmlsite/wp-settings.php(546): include()
#1 /var/www/html/htmlsite/wp-config.php(98): require_once('/var/www/html/h...')
#2 /var/www/html/htmlsite/wp-load.php(50): require_once('/var/www/html/h...')
#3 /var/www/html/htmlsite/wp-blog-header.php(13): require_once('/var/www/html/h...')
#4 /var/www/html/htmlsite/index.php(17): require('/var/www/html/h...')
#5 {main}
  thrown in /var/www/html/htmlsite/wp-content/themes/html/functions.php on line 65

